# JRE version: OpenJDK Runtime Environment Temurin-17.0.8.1+1 (17.0.8.1+1) (build 17.0.8.1+1)
# Java VM: OpenJDK 64-Bit Server VM Temurin-17.0.8.1+1 (17.0.8.1+1, mixed mode, emulated-client, tiered, compressed oops, compressed class ptrs, g1 gc, windows-amd64)
GC Precious Log:
 CPUs: 2 total, 2 available
 Memory: 3917M
 Large Page Support: Disabled
 NUMA Support: Disabled
 Compressed Oops: Enabled (32-bit)
 Heap Region Size: 1M
 Heap Min Capacity: 8M
 Heap Initial Capacity: 62M
 Heap Max Capacity: 1G
 Pre-touch: Disabled
 Parallel Workers: 2
 Concurrent Workers: 1
 Concurrent Refinement Workers: 2
 Periodic GC: Disabled
Heap:
 garbage-first heap   total 63488K, used 18118K [0x00000000c0000000, 0x0000000100000000)
  region size 1024K, 11 young (11264K), 1 survivors (1024K)
 Metaspace       used 9279K, committed 9472K, reserved 1114112K
  class space    used 1096K, committed 1152K, reserved 1048576K
GC Heap History (6 events):
Event: 5.128 GC heap before
{Heap before GC invocations=0 (full 0):
 garbage-first heap   total 63488K, used 5120K [0x00000000c0000000, 0x0000000100000000)
  region size 1024K, 6 young (6144K), 0 survivors (0K)
 Metaspace       used 4267K, committed 4416K, reserved 1114112K
  class space    used 413K, committed 512K, reserved 1048576K
}
Event: 5.368 GC heap after
{Heap after GC invocations=1 (full 0):
 garbage-first heap   total 63488K, used 4410K [0x00000000c0000000, 0x0000000100000000)
  region size 1024K, 1 young (1024K), 1 survivors (1024K)
 Metaspace       used 4267K, committed 4416K, reserved 1114112K
  class space    used 413K, committed 512K, reserved 1048576K
}
Event: 5.829 GC heap before
{Heap before GC invocations=1 (full 0):
 garbage-first heap   total 63488K, used 6458K [0x00000000c0000000, 0x0000000100000000)
  region size 1024K, 4 young (4096K), 1 survivors (1024K)
 Metaspace       used 4302K, committed 4480K, reserved 1114112K
  class space    used 417K, committed 512K, reserved 1048576K
}
Event: 5.832 GC heap after
{Heap after GC invocations=2 (full 0):
 garbage-first heap   total 63488K, used 5868K [0x00000000c0000000, 0x0000000100000000)
  region size 1024K, 1 young (1024K), 1 survivors (1024K)
 Metaspace       used 4302K, committed 4480K, reserved 1114112K
  class space    used 417K, committed 512K, reserved 1048576K
}
Event: 8.159 GC heap before
{Heap before GC invocations=2 (full 0):
 garbage-first heap   total 63488K, used 10988K [0x00000000c0000000, 0x0000000100000000)
  region size 1024K, 7 young (7168K), 1 survivors (1024K)
 Metaspace       used 6263K, committed 6400K, reserved 1114112K
  class space    used 623K, committed 704K, reserved 1048576K
}
Event: 8.165 GC heap after
{Heap after GC invocations=3 (full 0):
 garbage-first heap   total 63488K, used 8902K [0x00000000c0000000, 0x0000000100000000)
  region size 1024K, 1 young (1024K), 1 survivors (1024K)
 Metaspace       used 6263K, committed 6400K, reserved 1114112K
  class space    used 623K, committed 704K, reserved 1048576K
}

