# JRE version: Java(TM) SE Runtime Environment (21.0.1+12) (build 21.0.1+12-LTS-29)
# Java VM: Java HotSpot(TM) 64-Bit Server VM (21.0.1+12-LTS-29, mixed mode, sharing, tiered, compressed oops, compressed class ptrs, g1 gc, windows-amd64)
GC Precious Log:
 CardTable entry size: 512
 Card Set container configuration: InlinePtr #cards 5 size 8 Array Of Cards #cards 12 size 40 Howl #buckets 4 coarsen threshold 1843 Howl Bitmap #cards 512 size 80 coarsen threshold 460 Card regions per heap region 1 cards per card region 2048
 CPUs: 2 total, 2 available
 Memory: 3917M
 Large Page Support: Disabled
 NUMA Support: Disabled
 Compressed Oops: Enabled (32-bit)
 Heap Region Size: 1M
 Heap Min Capacity: 8M
 Heap Initial Capacity: 62M
 Heap Max Capacity: 980M
 Pre-touch: Disabled
 Parallel Workers: 2
 Concurrent Workers: 1
 Concurrent Refinement Workers: 2
 Periodic GC: Disabled
Heap:
 garbage-first heap   total 50176K, used 41778K [0x00000000c2c00000, 0x0000000100000000)
  region size 1024K, 18 young (18432K), 2 survivors (2048K)
 Metaspace       used 70816K, committed 71360K, reserved 1114112K
  class space    used 9168K, committed 9472K, reserved 1048576K
GC Heap History (20 events):
Event: 8077.003 GC heap before
{Heap before GC invocations=22 (full 0):
 garbage-first heap   total 48128K, used 41433K [0x00000000c2c00000, 0x0000000100000000)
  region size 1024K, 14 young (14336K), 1 survivors (1024K)
 Metaspace       used 69255K, committed 69824K, reserved 1114112K
  class space    used 9169K, committed 9472K, reserved 1048576K
}
Event: 8077.025 GC heap after
{Heap after GC invocations=23 (full 0):
 garbage-first heap   total 48128K, used 27776K [0x00000000c2c00000, 0x0000000100000000)
  region size 1024K, 1 young (1024K), 1 survivors (1024K)
 Metaspace       used 69255K, committed 69824K, reserved 1114112K
  class space    used 9169K, committed 9472K, reserved 1048576K
}
Event: 8093.599 GC heap before
{Heap before GC invocations=23 (full 0):
 garbage-first heap   total 48128K, used 43136K [0x00000000c2c00000, 0x0000000100000000)
  region size 1024K, 16 young (16384K), 1 survivors (1024K)
 Metaspace       used 70441K, committed 70976K, reserved 1114112K
  class space    used 9170K, committed 9472K, reserved 1048576K
}
Event: 8093.613 GC heap after
{Heap after GC invocations=24 (full 0):
 garbage-first heap   total 48128K, used 27311K [0x00000000c2c00000, 0x0000000100000000)
  region size 1024K, 1 young (1024K), 1 survivors (1024K)
 Metaspace       used 70441K, committed 70976K, reserved 1114112K
  class space    used 9170K, committed 9472K, reserved 1048576K
}
Event: 8105.232 GC heap before
{Heap before GC invocations=24 (full 0):
 garbage-first heap   total 48128K, used 43695K [0x00000000c2c00000, 0x0000000100000000)
  region size 1024K, 17 young (17408K), 1 survivors (1024K)
 Metaspace       used 70671K, committed 71232K, reserved 1114112K
  class space    used 9171K, committed 9472K, reserved 1048576K
}
Event: 8105.264 GC heap after
{Heap after GC invocations=25 (full 0):
 garbage-first heap   total 48128K, used 26897K [0x00000000c2c00000, 0x0000000100000000)
  region size 1024K, 2 young (2048K), 2 survivors (2048K)
 Metaspace       used 70671K, committed 71232K, reserved 1114112K
  class space    used 9171K, committed 9472K, reserved 1048576K
}
Event: 8115.718 GC heap before
{Heap before GC invocations=25 (full 0):
 garbage-first heap   total 48128K, used 41233K [0x00000000c2c00000, 0x0000000100000000)
  region size 1024K, 16 young (16384K), 2 survivors (2048K)
 Metaspace       used 70775K, committed 71360K, reserved 1114112K
  class space    used 9171K, committed 9472K, reserved 1048576K
}
Event: 8115.734 GC heap after
{Heap after GC invocations=26 (full 0):
 garbage-first heap   total 48128K, used 26593K [0x00000000c2c00000, 0x0000000100000000)
  region size 1024K, 2 young (2048K), 2 survivors (2048K)
 Metaspace       used 70775K, committed 71360K, reserved 1114112K
  class space    used 9171K, committed 9472K, reserved 1048576K
}
Event: 8139.083 GC heap before
{Heap before GC invocations=26 (full 0):
 garbage-first heap   total 48128K, used 41953K [0x00000000c2c00000, 0x0000000100000000)
  region size 1024K, 17 young (17408K), 2 survivors (2048K)
 Metaspace       used 70812K, committed 71360K, reserved 1114112K
  class space    used 9171K, committed 9472K, reserved 1048576K
}
Event: 8139.093 GC heap after
{Heap after GC invocations=27 (full 0):
 garbage-first heap   total 48128K, used 26780K [0x00000000c2c00000, 0x0000000100000000)
  region size 1024K, 2 young (2048K), 2 survivors (2048K)
 Metaspace       used 70812K, committed 71360K, reserved 1114112K
  class space    used 9171K, committed 9472K, reserved 1048576K
}
Event: 8158.793 GC heap before
{Heap before GC invocations=28 (full 0):
 garbage-first heap   total 48128K, used 42140K [0x00000000c2c00000, 0x0000000100000000)
  region size 1024K, 17 young (17408K), 2 survivors (2048K)
 Metaspace       used 70797K, committed 71360K, reserved 1114112K
  class space    used 9166K, committed 9472K, reserved 1048576K
}
Event: 8158.802 GC heap after
{Heap after GC invocations=29 (full 0):
 garbage-first heap   total 48128K, used 26593K [0x00000000c2c00000, 0x0000000100000000)
  region size 1024K, 2 young (2048K), 2 survivors (2048K)
 Metaspace       used 70797K, committed 71360K, reserved 1114112K
  class space    used 9166K, committed 9472K, reserved 1048576K
}
Event: 8235.289 GC heap before
{Heap before GC invocations=29 (full 0):
 garbage-first heap   total 48128K, used 41953K [0x00000000c2c00000, 0x0000000100000000)
  region size 1024K, 17 young (17408K), 2 survivors (2048K)
 Metaspace       used 70806K, committed 71360K, reserved 1114112K
  class space    used 9167K, committed 9472K, reserved 1048576K
}
Event: 8235.894 GC heap after
{Heap after GC invocations=30 (full 0):
 garbage-first heap   total 48128K, used 26503K [0x00000000c2c00000, 0x0000000100000000)
  region size 1024K, 2 young (2048K), 2 survivors (2048K)
 Metaspace       used 70806K, committed 71360K, reserved 1114112K
  class space    used 9167K, committed 9472K, reserved 1048576K
}
Event: 8243.513 GC heap before
{Heap before GC invocations=30 (full 0):
 garbage-first heap   total 48128K, used 41863K [0x00000000c2c00000, 0x0000000100000000)
  region size 1024K, 17 young (17408K), 2 survivors (2048K)
 Metaspace       used 70810K, committed 71360K, reserved 1114112K
  class space    used 9167K, committed 9472K, reserved 1048576K
}
Event: 8243.568 GC heap after
{Heap after GC invocations=31 (full 0):
 garbage-first heap   total 48128K, used 26751K [0x00000000c2c00000, 0x0000000100000000)
  region size 1024K, 2 young (2048K), 2 survivors (2048K)
 Metaspace       used 70810K, committed 71360K, reserved 1114112K
  class space    used 9167K, committed 9472K, reserved 1048576K
}
Event: 8249.263 GC heap before
{Heap before GC invocations=32 (full 0):
 garbage-first heap   total 50176K, used 42111K [0x00000000c2c00000, 0x0000000100000000)
  region size 1024K, 17 young (17408K), 2 survivors (2048K)
 Metaspace       used 70810K, committed 71360K, reserved 1114112K
  class space    used 9167K, committed 9472K, reserved 1048576K
}
Event: 8249.272 GC heap after
{Heap after GC invocations=33 (full 0):
 garbage-first heap   total 50176K, used 26421K [0x00000000c2c00000, 0x0000000100000000)
  region size 1024K, 2 young (2048K), 2 survivors (2048K)
 Metaspace       used 70810K, committed 71360K, reserved 1114112K
  class space    used 9167K, committed 9472K, reserved 1048576K
}
Event: 8252.766 GC heap before
{Heap before GC invocations=33 (full 0):
 garbage-first heap   total 50176K, used 43829K [0x00000000c2c00000, 0x0000000100000000)
  region size 1024K, 19 young (19456K), 2 survivors (2048K)
 Metaspace       used 70814K, committed 71360K, reserved 1114112K
  class space    used 9168K, committed 9472K, reserved 1048576K
}
Event: 8252.800 GC heap after
{Heap after GC invocations=34 (full 0):
 garbage-first heap   total 50176K, used 26418K [0x00000000c2c00000, 0x0000000100000000)
  region size 1024K, 2 young (2048K), 2 survivors (2048K)
 Metaspace       used 70814K, committed 71360K, reserved 1114112K
  class space    used 9168K, committed 9472K, reserved 1048576K
}

